<?xml version="1.0" encoding="UTF-8"?>
<coverage generated="1658453150750" clover="3.2.0">
  <project timestamp="1658453150750" name="All files">
    <metrics statements="109" coveredstatements="107" conditionals="44" coveredconditionals="34" methods="36" coveredmethods="36" elements="189" coveredelements="177" complexity="0" loc="109" ncloc="109" packages="1" files="1" classes="1"/>
    <file name="mvvm.js" path="D:\study\百度前端\mvvm\bigproject\mvvm.js">
      <metrics statements="109" coveredstatements="107" conditionals="44" coveredconditionals="34" methods="36" coveredmethods="36"/>
      <line num="3" count="3" type="stmt"/>
      <line num="4" count="3" type="stmt"/>
      <line num="6" count="3" type="stmt"/>
      <line num="8" count="3" type="stmt"/>
      <line num="9" count="3" type="stmt"/>
      <line num="12" count="11" type="stmt"/>
      <line num="15" count="1" type="stmt"/>
      <line num="19" count="3" type="stmt"/>
      <line num="26" count="4" type="stmt"/>
      <line num="27" count="4" type="stmt"/>
      <line num="28" count="4" type="stmt"/>
      <line num="29" count="4" type="stmt"/>
      <line num="30" count="4" type="stmt"/>
      <line num="31" count="4" type="stmt"/>
      <line num="35" count="18" type="cond" truecount="2" falsecount="0"/>
      <line num="36" count="18" type="stmt"/>
      <line num="39" count="1" type="cond" truecount="1" falsecount="1"/>
      <line num="40" count="1" type="stmt"/>
      <line num="42" count="1" type="stmt"/>
      <line num="44" count="1" type="stmt"/>
      <line num="52" count="8" type="cond" truecount="4" falsecount="0"/>
      <line num="53" count="4" type="stmt"/>
      <line num="55" count="4" type="stmt"/>
      <line num="60" count="4" type="stmt"/>
      <line num="63" count="5" type="stmt"/>
      <line num="66" count="1" type="stmt"/>
      <line num="67" count="2" type="stmt"/>
      <line num="75" count="4" type="stmt"/>
      <line num="76" count="4" type="stmt"/>
      <line num="77" count="4" type="stmt"/>
      <line num="78" count="4" type="stmt"/>
      <line num="82" count="4" type="stmt"/>
      <line num="83" count="4" type="stmt"/>
      <line num="84" count="4" type="stmt"/>
      <line num="85" count="4" type="stmt"/>
      <line num="89" count="6" type="stmt"/>
      <line num="90" count="6" type="stmt"/>
      <line num="91" count="6" type="stmt"/>
      <line num="92" count="7" type="stmt"/>
      <line num="94" count="6" type="stmt"/>
      <line num="98" count="2" type="stmt"/>
      <line num="99" count="2" type="stmt"/>
      <line num="100" count="2" type="cond" truecount="1" falsecount="1"/>
      <line num="101" count="2" type="stmt"/>
      <line num="102" count="2" type="stmt"/>
      <line num="110" count="3" type="stmt"/>
      <line num="111" count="3" type="stmt"/>
      <line num="112" count="3" type="cond" truecount="1" falsecount="1"/>
      <line num="114" count="3" type="stmt"/>
      <line num="116" count="3" type="stmt"/>
      <line num="117" count="11" type="stmt"/>
      <line num="119" count="3" type="stmt"/>
      <line num="121" count="3" type="stmt"/>
      <line num="122" count="3" type="stmt"/>
      <line num="127" count="18" type="stmt"/>
      <line num="128" count="18" type="stmt"/>
      <line num="130" count="15" type="cond" truecount="2" falsecount="0"/>
      <line num="131" count="5" type="stmt"/>
      <line num="132" count="10" type="cond" truecount="1" falsecount="1"/>
      <line num="133" count="10" type="stmt"/>
      <line num="136" count="15" type="cond" truecount="1" falsecount="1"/>
      <line num="137" count="15" type="stmt"/>
      <line num="143" count="5" type="stmt"/>
      <line num="144" count="5" type="stmt"/>
      <line num="145" count="4" type="stmt"/>
      <line num="147" count="4" type="cond" truecount="2" falsecount="0"/>
      <line num="148" count="3" type="stmt"/>
      <line num="149" count="3" type="stmt"/>
      <line num="151" count="3" type="cond" truecount="2" falsecount="0"/>
      <line num="152" count="1" type="stmt"/>
      <line num="154" count="2" type="cond" truecount="2" falsecount="0"/>
      <line num="161" count="10" type="stmt"/>
      <line num="162" count="10" type="stmt"/>
      <line num="163" count="10" type="cond" truecount="2" falsecount="0"/>
      <line num="164" count="2" type="stmt"/>
      <line num="171" count="1" type="stmt"/>
      <line num="173" count="4" type="cond" truecount="1" falsecount="1"/>
      <line num="176" count="2" type="cond" truecount="1" falsecount="1"/>
      <line num="181" count="1" type="stmt"/>
      <line num="184" count="3" type="stmt"/>
      <line num="188" count="1" type="stmt"/>
      <line num="189" count="1" type="stmt"/>
      <line num="190" count="1" type="stmt"/>
      <line num="191" count="1" type="stmt"/>
      <line num="192" count="1" type="stmt"/>
      <line num="193" count="1" type="cond" truecount="1" falsecount="1"/>
      <line num="194" count="0" type="stmt"/>
      <line num="197" count="1" type="stmt"/>
      <line num="198" count="1" type="stmt"/>
      <line num="203" count="1" type="stmt"/>
      <line num="204" count="1" type="cond" truecount="2" falsecount="0"/>
      <line num="205" count="1" type="cond" truecount="3" falsecount="1"/>
      <line num="206" count="1" type="stmt"/>
      <line num="211" count="4" type="stmt"/>
      <line num="212" count="4" type="cond" truecount="2" falsecount="0"/>
      <line num="214" count="4" type="stmt"/>
      <line num="215" count="2" type="cond" truecount="2" falsecount="0"/>
      <line num="220" count="5" type="stmt"/>
      <line num="221" count="5" type="stmt"/>
      <line num="222" count="5" type="stmt"/>
      <line num="223" count="6" type="stmt"/>
      <line num="225" count="5" type="stmt"/>
      <line num="229" count="1" type="stmt"/>
      <line num="230" count="1" type="stmt"/>
      <line num="231" count="1" type="stmt"/>
      <line num="232" count="1" type="cond" truecount="1" falsecount="1"/>
      <line num="233" count="0" type="stmt"/>
      <line num="235" count="1" type="stmt"/>
      <line num="240" count="1" type="stmt"/>
    </file>
  </project>
</coverage>
