{"D:\\study\\百度前端\\mvvm\\bigproject\\mvvm.js": {"path":"D:\\study\\百度前端\\mvvm\\bigproject\\mvvm.js","statementMap":{"0":{"start":{"line":3,"column":8},"end":{"line":3,"column":32}},"1":{"start":{"line":4,"column":8},"end":{"line":4,"column":40}},"2":{"start":{"line":6,"column":8},"end":{"line":6,"column":28}},"3":{"start":{"line":8,"column":8},"end":{"line":18,"column":10}},"4":{"start":{"line":9,"column":12},"end":{"line":17,"column":14}},"5":{"start":{"line":12,"column":20},"end":{"line":12,"column":43}},"6":{"start":{"line":15,"column":20},"end":{"line":15,"column":45}},"7":{"start":{"line":19,"column":8},"end":{"line":19,"column":36}},"8":{"start":{"line":26,"column":8},"end":{"line":26,"column":26}},"9":{"start":{"line":27,"column":8},"end":{"line":47,"column":10}},"10":{"start":{"line":28,"column":22},"end":{"line":28,"column":37}},"11":{"start":{"line":29,"column":22},"end":{"line":29,"column":31}},"12":{"start":{"line":30,"column":12},"end":{"line":30,"column":25}},"13":{"start":{"line":31,"column":12},"end":{"line":46,"column":14}},"14":{"start":{"line":35,"column":20},"end":{"line":35,"column":57}},"15":{"start":{"line":36,"column":20},"end":{"line":36,"column":31}},"16":{"start":{"line":39,"column":20},"end":{"line":39,"column":54}},"17":{"start":{"line":39,"column":41},"end":{"line":39,"column":54}},"18":{"start":{"line":40,"column":20},"end":{"line":40,"column":33}},"19":{"start":{"line":42,"column":20},"end":{"line":42,"column":36}},"20":{"start":{"line":44,"column":20},"end":{"line":44,"column":33}},"21":{"start":{"line":52,"column":4},"end":{"line":54,"column":5}},"22":{"start":{"line":53,"column":8},"end":{"line":53,"column":15}},"23":{"start":{"line":55,"column":4},"end":{"line":55,"column":31}},"24":{"start":{"line":60,"column":8},"end":{"line":60,"column":23}},"25":{"start":{"line":63,"column":8},"end":{"line":63,"column":28}},"26":{"start":{"line":66,"column":8},"end":{"line":68,"column":10}},"27":{"start":{"line":67,"column":12},"end":{"line":67,"column":25}},"28":{"start":{"line":75,"column":8},"end":{"line":75,"column":22}},"29":{"start":{"line":76,"column":8},"end":{"line":76,"column":24}},"30":{"start":{"line":77,"column":8},"end":{"line":77,"column":22}},"31":{"start":{"line":78,"column":8},"end":{"line":78,"column":32}},"32":{"start":{"line":82,"column":8},"end":{"line":82,"column":26}},"33":{"start":{"line":83,"column":20},"end":{"line":83,"column":53}},"34":{"start":{"line":84,"column":8},"end":{"line":84,"column":26}},"35":{"start":{"line":85,"column":8},"end":{"line":85,"column":21}},"36":{"start":{"line":89,"column":18},"end":{"line":89,"column":33}},"37":{"start":{"line":90,"column":18},"end":{"line":90,"column":20}},"38":{"start":{"line":91,"column":8},"end":{"line":93,"column":10}},"39":{"start":{"line":92,"column":12},"end":{"line":92,"column":25}},"40":{"start":{"line":94,"column":8},"end":{"line":94,"column":19}},"41":{"start":{"line":98,"column":21},"end":{"line":98,"column":31}},"42":{"start":{"line":99,"column":21},"end":{"line":99,"column":54}},"43":{"start":{"line":100,"column":8},"end":{"line":103,"column":9}},"44":{"start":{"line":101,"column":12},"end":{"line":101,"column":32}},"45":{"start":{"line":102,"column":12},"end":{"line":102,"column":37}},"46":{"start":{"line":110,"column":8},"end":{"line":110,"column":22}},"47":{"start":{"line":111,"column":8},"end":{"line":111,"column":45}},"48":{"start":{"line":112,"column":8},"end":{"line":123,"column":9}},"49":{"start":{"line":114,"column":27},"end":{"line":114,"column":60}},"50":{"start":{"line":116,"column":12},"end":{"line":118,"column":13}},"51":{"start":{"line":117,"column":16},"end":{"line":117,"column":43}},"52":{"start":{"line":119,"column":12},"end":{"line":119,"column":38}},"53":{"start":{"line":121,"column":12},"end":{"line":121,"column":40}},"54":{"start":{"line":122,"column":12},"end":{"line":122,"column":48}},"55":{"start":{"line":127,"column":25},"end":{"line":127,"column":38}},"56":{"start":{"line":128,"column":8},"end":{"line":139,"column":10}},"57":{"start":{"line":130,"column":12},"end":{"line":134,"column":13}},"58":{"start":{"line":131,"column":16},"end":{"line":131,"column":37}},"59":{"start":{"line":132,"column":18},"end":{"line":134,"column":13}},"60":{"start":{"line":133,"column":16},"end":{"line":133,"column":38}},"61":{"start":{"line":136,"column":12},"end":{"line":138,"column":13}},"62":{"start":{"line":137,"column":16},"end":{"line":137,"column":34}},"63":{"start":{"line":143,"column":20},"end":{"line":143,"column":35}},"64":{"start":{"line":144,"column":8},"end":{"line":157,"column":11}},"65":{"start":{"line":145,"column":27},"end":{"line":145,"column":36}},"66":{"start":{"line":147,"column":12},"end":{"line":156,"column":13}},"67":{"start":{"line":148,"column":29},"end":{"line":148,"column":48}},"68":{"start":{"line":149,"column":27},"end":{"line":149,"column":37}},"69":{"start":{"line":151,"column":16},"end":{"line":155,"column":17}},"70":{"start":{"line":152,"column":20},"end":{"line":152,"column":68}},"71":{"start":{"line":154,"column":20},"end":{"line":154,"column":76}},"72":{"start":{"line":161,"column":19},"end":{"line":161,"column":35}},"73":{"start":{"line":162,"column":18},"end":{"line":162,"column":32}},"74":{"start":{"line":163,"column":8},"end":{"line":165,"column":9}},"75":{"start":{"line":164,"column":12},"end":{"line":164,"column":53}},"76":{"start":{"line":171,"column":13},"end":{"line":178,"column":1}},"77":{"start":{"line":173,"column":8},"end":{"line":173,"column":67}},"78":{"start":{"line":176,"column":8},"end":{"line":176,"column":61}},"79":{"start":{"line":181,"column":18},"end":{"line":239,"column":1}},"80":{"start":{"line":184,"column":8},"end":{"line":184,"column":38}},"81":{"start":{"line":188,"column":8},"end":{"line":188,"column":39}},"82":{"start":{"line":189,"column":17},"end":{"line":189,"column":21}},"83":{"start":{"line":190,"column":18},"end":{"line":190,"column":41}},"84":{"start":{"line":191,"column":8},"end":{"line":199,"column":11}},"85":{"start":{"line":192,"column":27},"end":{"line":192,"column":41}},"86":{"start":{"line":193,"column":12},"end":{"line":195,"column":13}},"87":{"start":{"line":194,"column":16},"end":{"line":194,"column":23}},"88":{"start":{"line":197,"column":12},"end":{"line":197,"column":44}},"89":{"start":{"line":198,"column":12},"end":{"line":198,"column":27}},"90":{"start":{"line":203,"column":27},"end":{"line":203,"column":41}},"91":{"start":{"line":204,"column":17},"end":{"line":204,"column":65}},"92":{"start":{"line":205,"column":8},"end":{"line":207,"column":9}},"93":{"start":{"line":206,"column":12},"end":{"line":206,"column":62}},"94":{"start":{"line":211,"column":23},"end":{"line":211,"column":43}},"95":{"start":{"line":212,"column":8},"end":{"line":212,"column":57}},"96":{"start":{"line":214,"column":8},"end":{"line":216,"column":11}},"97":{"start":{"line":215,"column":12},"end":{"line":215,"column":56}},"98":{"start":{"line":220,"column":18},"end":{"line":220,"column":33}},"99":{"start":{"line":221,"column":18},"end":{"line":221,"column":20}},"100":{"start":{"line":222,"column":8},"end":{"line":224,"column":10}},"101":{"start":{"line":223,"column":12},"end":{"line":223,"column":24}},"102":{"start":{"line":225,"column":8},"end":{"line":225,"column":18}},"103":{"start":{"line":229,"column":18},"end":{"line":229,"column":33}},"104":{"start":{"line":230,"column":18},"end":{"line":230,"column":20}},"105":{"start":{"line":231,"column":8},"end":{"line":237,"column":10}},"106":{"start":{"line":232,"column":12},"end":{"line":236,"column":13}},"107":{"start":{"line":233,"column":16},"end":{"line":233,"column":30}},"108":{"start":{"line":235,"column":16},"end":{"line":235,"column":35}},"109":{"start":{"line":240,"column":0},"end":{"line":240,"column":22}}},"fnMap":{"0":{"name":"(anonymous_0)","decl":{"start":{"line":2,"column":4},"end":{"line":2,"column":5}},"loc":{"start":{"line":2,"column":25},"end":{"line":20,"column":5}},"line":2},"1":{"name":"(anonymous_1)","decl":{"start":{"line":8,"column":40},"end":{"line":8,"column":41}},"loc":{"start":{"line":8,"column":47},"end":{"line":18,"column":9}},"line":8},"2":{"name":"(anonymous_2)","decl":{"start":{"line":11,"column":16},"end":{"line":11,"column":17}},"loc":{"start":{"line":11,"column":21},"end":{"line":13,"column":17}},"line":11},"3":{"name":"(anonymous_3)","decl":{"start":{"line":14,"column":16},"end":{"line":14,"column":17}},"loc":{"start":{"line":14,"column":27},"end":{"line":16,"column":17}},"line":14},"4":{"name":"(anonymous_4)","decl":{"start":{"line":25,"column":4},"end":{"line":25,"column":5}},"loc":{"start":{"line":25,"column":21},"end":{"line":48,"column":5}},"line":25},"5":{"name":"(anonymous_5)","decl":{"start":{"line":27,"column":40},"end":{"line":27,"column":41}},"loc":{"start":{"line":27,"column":45},"end":{"line":47,"column":9}},"line":27},"6":{"name":"(anonymous_6)","decl":{"start":{"line":33,"column":16},"end":{"line":33,"column":17}},"loc":{"start":{"line":33,"column":21},"end":{"line":37,"column":17}},"line":33},"7":{"name":"(anonymous_7)","decl":{"start":{"line":38,"column":16},"end":{"line":38,"column":17}},"loc":{"start":{"line":38,"column":27},"end":{"line":45,"column":17}},"line":38},"8":{"name":"observe","decl":{"start":{"line":51,"column":9},"end":{"line":51,"column":16}},"loc":{"start":{"line":51,"column":24},"end":{"line":56,"column":1}},"line":51},"9":{"name":"(anonymous_9)","decl":{"start":{"line":59,"column":4},"end":{"line":59,"column":5}},"loc":{"start":{"line":59,"column":17},"end":{"line":61,"column":5}},"line":59},"10":{"name":"(anonymous_10)","decl":{"start":{"line":62,"column":4},"end":{"line":62,"column":5}},"loc":{"start":{"line":62,"column":15},"end":{"line":64,"column":5}},"line":62},"11":{"name":"(anonymous_11)","decl":{"start":{"line":65,"column":4},"end":{"line":65,"column":5}},"loc":{"start":{"line":65,"column":12},"end":{"line":69,"column":5}},"line":65},"12":{"name":"(anonymous_12)","decl":{"start":{"line":66,"column":26},"end":{"line":66,"column":27}},"loc":{"start":{"line":66,"column":31},"end":{"line":68,"column":9}},"line":66},"13":{"name":"(anonymous_13)","decl":{"start":{"line":74,"column":4},"end":{"line":74,"column":5}},"loc":{"start":{"line":74,"column":26},"end":{"line":79,"column":5}},"line":74},"14":{"name":"(anonymous_14)","decl":{"start":{"line":80,"column":4},"end":{"line":80,"column":5}},"loc":{"start":{"line":80,"column":9},"end":{"line":86,"column":5}},"line":80},"15":{"name":"(anonymous_15)","decl":{"start":{"line":88,"column":4},"end":{"line":88,"column":5}},"loc":{"start":{"line":88,"column":21},"end":{"line":95,"column":5}},"line":88},"16":{"name":"(anonymous_16)","decl":{"start":{"line":91,"column":20},"end":{"line":91,"column":21}},"loc":{"start":{"line":91,"column":25},"end":{"line":93,"column":9}},"line":91},"17":{"name":"(anonymous_17)","decl":{"start":{"line":97,"column":4},"end":{"line":97,"column":5}},"loc":{"start":{"line":97,"column":12},"end":{"line":104,"column":5}},"line":97},"18":{"name":"(anonymous_18)","decl":{"start":{"line":109,"column":4},"end":{"line":109,"column":5}},"loc":{"start":{"line":109,"column":22},"end":{"line":124,"column":5}},"line":109},"19":{"name":"(anonymous_19)","decl":{"start":{"line":126,"column":4},"end":{"line":126,"column":5}},"loc":{"start":{"line":126,"column":15},"end":{"line":140,"column":5}},"line":126},"20":{"name":"(anonymous_20)","decl":{"start":{"line":128,"column":39},"end":{"line":128,"column":40}},"loc":{"start":{"line":128,"column":47},"end":{"line":139,"column":9}},"line":128},"21":{"name":"(anonymous_21)","decl":{"start":{"line":142,"column":4},"end":{"line":142,"column":5}},"loc":{"start":{"line":142,"column":20},"end":{"line":158,"column":5}},"line":142},"22":{"name":"(anonymous_22)","decl":{"start":{"line":144,"column":34},"end":{"line":144,"column":35}},"loc":{"start":{"line":144,"column":42},"end":{"line":157,"column":9}},"line":144},"23":{"name":"(anonymous_23)","decl":{"start":{"line":160,"column":4},"end":{"line":160,"column":5}},"loc":{"start":{"line":160,"column":21},"end":{"line":166,"column":5}},"line":160},"24":{"name":"(anonymous_24)","decl":{"start":{"line":172,"column":4},"end":{"line":172,"column":5}},"loc":{"start":{"line":172,"column":26},"end":{"line":174,"column":5}},"line":172},"25":{"name":"(anonymous_25)","decl":{"start":{"line":175,"column":4},"end":{"line":175,"column":5}},"loc":{"start":{"line":175,"column":27},"end":{"line":177,"column":5}},"line":175},"26":{"name":"(anonymous_26)","decl":{"start":{"line":183,"column":4},"end":{"line":183,"column":5}},"loc":{"start":{"line":183,"column":22},"end":{"line":185,"column":5}},"line":183},"27":{"name":"(anonymous_27)","decl":{"start":{"line":187,"column":4},"end":{"line":187,"column":5}},"loc":{"start":{"line":187,"column":23},"end":{"line":200,"column":5}},"line":187},"28":{"name":"(anonymous_28)","decl":{"start":{"line":191,"column":39},"end":{"line":191,"column":40}},"loc":{"start":{"line":191,"column":51},"end":{"line":199,"column":9}},"line":191},"29":{"name":"(anonymous_29)","decl":{"start":{"line":202,"column":4},"end":{"line":202,"column":5}},"loc":{"start":{"line":202,"column":34},"end":{"line":208,"column":5}},"line":202},"30":{"name":"(anonymous_30)","decl":{"start":{"line":210,"column":4},"end":{"line":210,"column":5}},"loc":{"start":{"line":210,"column":26},"end":{"line":217,"column":5}},"line":210},"31":{"name":"(anonymous_31)","decl":{"start":{"line":214,"column":30},"end":{"line":214,"column":31}},"loc":{"start":{"line":214,"column":56},"end":{"line":216,"column":9}},"line":214},"32":{"name":"(anonymous_32)","decl":{"start":{"line":219,"column":4},"end":{"line":219,"column":5}},"loc":{"start":{"line":219,"column":21},"end":{"line":226,"column":5}},"line":219},"33":{"name":"(anonymous_33)","decl":{"start":{"line":222,"column":20},"end":{"line":222,"column":21}},"loc":{"start":{"line":222,"column":25},"end":{"line":224,"column":9}},"line":222},"34":{"name":"(anonymous_34)","decl":{"start":{"line":228,"column":4},"end":{"line":228,"column":5}},"loc":{"start":{"line":228,"column":30},"end":{"line":238,"column":5}},"line":228},"35":{"name":"(anonymous_35)","decl":{"start":{"line":231,"column":20},"end":{"line":231,"column":21}},"loc":{"start":{"line":231,"column":29},"end":{"line":237,"column":9}},"line":231}},"branchMap":{"0":{"loc":{"start":{"line":35,"column":20},"end":{"line":35,"column":56}},"type":"binary-expr","locations":[{"start":{"line":35,"column":20},"end":{"line":35,"column":30}},{"start":{"line":35,"column":34},"end":{"line":35,"column":56}}],"line":35},"1":{"loc":{"start":{"line":39,"column":20},"end":{"line":39,"column":54}},"type":"if","locations":[{"start":{"line":39,"column":20},"end":{"line":39,"column":54}},{"start":{},"end":{}}],"line":39},"2":{"loc":{"start":{"line":52,"column":4},"end":{"line":54,"column":5}},"type":"if","locations":[{"start":{"line":52,"column":4},"end":{"line":54,"column":5}},{"start":{},"end":{}}],"line":52},"3":{"loc":{"start":{"line":52,"column":8},"end":{"line":52,"column":43}},"type":"binary-expr","locations":[{"start":{"line":52,"column":8},"end":{"line":52,"column":14}},{"start":{"line":52,"column":18},"end":{"line":52,"column":43}}],"line":52},"4":{"loc":{"start":{"line":100,"column":8},"end":{"line":103,"column":9}},"type":"if","locations":[{"start":{"line":100,"column":8},"end":{"line":103,"column":9}},{"start":{},"end":{}}],"line":100},"5":{"loc":{"start":{"line":112,"column":8},"end":{"line":123,"column":9}},"type":"if","locations":[{"start":{"line":112,"column":8},"end":{"line":123,"column":9}},{"start":{},"end":{}}],"line":112},"6":{"loc":{"start":{"line":130,"column":12},"end":{"line":134,"column":13}},"type":"if","locations":[{"start":{"line":130,"column":12},"end":{"line":134,"column":13}},{"start":{"line":132,"column":18},"end":{"line":134,"column":13}}],"line":130},"7":{"loc":{"start":{"line":132,"column":18},"end":{"line":134,"column":13}},"type":"if","locations":[{"start":{"line":132,"column":18},"end":{"line":134,"column":13}},{"start":{},"end":{}}],"line":132},"8":{"loc":{"start":{"line":136,"column":12},"end":{"line":138,"column":13}},"type":"if","locations":[{"start":{"line":136,"column":12},"end":{"line":138,"column":13}},{"start":{},"end":{}}],"line":136},"9":{"loc":{"start":{"line":147,"column":12},"end":{"line":156,"column":13}},"type":"if","locations":[{"start":{"line":147,"column":12},"end":{"line":156,"column":13}},{"start":{},"end":{}}],"line":147},"10":{"loc":{"start":{"line":151,"column":16},"end":{"line":155,"column":17}},"type":"if","locations":[{"start":{"line":151,"column":16},"end":{"line":155,"column":17}},{"start":{"line":153,"column":21},"end":{"line":155,"column":17}}],"line":151},"11":{"loc":{"start":{"line":154,"column":20},"end":{"line":154,"column":76}},"type":"binary-expr","locations":[{"start":{"line":154,"column":20},"end":{"line":154,"column":36}},{"start":{"line":154,"column":40},"end":{"line":154,"column":76}}],"line":154},"12":{"loc":{"start":{"line":163,"column":8},"end":{"line":165,"column":9}},"type":"if","locations":[{"start":{"line":163,"column":8},"end":{"line":165,"column":9}},{"start":{},"end":{}}],"line":163},"13":{"loc":{"start":{"line":173,"column":27},"end":{"line":173,"column":67}},"type":"cond-expr","locations":[{"start":{"line":173,"column":57},"end":{"line":173,"column":59}},{"start":{"line":173,"column":62},"end":{"line":173,"column":67}}],"line":173},"14":{"loc":{"start":{"line":176,"column":21},"end":{"line":176,"column":61}},"type":"cond-expr","locations":[{"start":{"line":176,"column":51},"end":{"line":176,"column":53}},{"start":{"line":176,"column":56},"end":{"line":176,"column":61}}],"line":176},"15":{"loc":{"start":{"line":193,"column":12},"end":{"line":195,"column":13}},"type":"if","locations":[{"start":{"line":193,"column":12},"end":{"line":195,"column":13}},{"start":{},"end":{}}],"line":193},"16":{"loc":{"start":{"line":204,"column":17},"end":{"line":204,"column":65}},"type":"binary-expr","locations":[{"start":{"line":204,"column":17},"end":{"line":204,"column":36}},{"start":{"line":204,"column":40},"end":{"line":204,"column":65}}],"line":204},"17":{"loc":{"start":{"line":205,"column":8},"end":{"line":207,"column":9}},"type":"if","locations":[{"start":{"line":205,"column":8},"end":{"line":207,"column":9}},{"start":{},"end":{}}],"line":205},"18":{"loc":{"start":{"line":205,"column":11},"end":{"line":205,"column":26}},"type":"binary-expr","locations":[{"start":{"line":205,"column":11},"end":{"line":205,"column":20}},{"start":{"line":205,"column":24},"end":{"line":205,"column":26}}],"line":205},"19":{"loc":{"start":{"line":212,"column":8},"end":{"line":212,"column":57}},"type":"binary-expr","locations":[{"start":{"line":212,"column":8},"end":{"line":212,"column":16}},{"start":{"line":212,"column":20},"end":{"line":212,"column":57}}],"line":212},"20":{"loc":{"start":{"line":215,"column":12},"end":{"line":215,"column":55}},"type":"binary-expr","locations":[{"start":{"line":215,"column":12},"end":{"line":215,"column":20}},{"start":{"line":215,"column":24},"end":{"line":215,"column":55}}],"line":215},"21":{"loc":{"start":{"line":232,"column":12},"end":{"line":236,"column":13}},"type":"if","locations":[{"start":{"line":232,"column":12},"end":{"line":236,"column":13}},{"start":{"line":234,"column":17},"end":{"line":236,"column":13}}],"line":232}},"s":{"0":3,"1":3,"2":3,"3":3,"4":3,"5":11,"6":1,"7":3,"8":4,"9":4,"10":4,"11":4,"12":4,"13":4,"14":18,"15":18,"16":1,"17":0,"18":1,"19":1,"20":1,"21":8,"22":4,"23":4,"24":4,"25":5,"26":1,"27":2,"28":4,"29":4,"30":4,"31":4,"32":4,"33":4,"34":4,"35":4,"36":6,"37":6,"38":6,"39":7,"40":6,"41":2,"42":2,"43":2,"44":2,"45":2,"46":3,"47":3,"48":3,"49":3,"50":3,"51":11,"52":3,"53":3,"54":3,"55":18,"56":18,"57":15,"58":5,"59":10,"60":10,"61":15,"62":15,"63":5,"64":5,"65":4,"66":4,"67":3,"68":3,"69":3,"70":1,"71":2,"72":10,"73":10,"74":10,"75":2,"76":1,"77":4,"78":2,"79":1,"80":3,"81":1,"82":1,"83":1,"84":1,"85":1,"86":1,"87":0,"88":1,"89":1,"90":1,"91":1,"92":1,"93":1,"94":4,"95":4,"96":4,"97":2,"98":5,"99":5,"100":5,"101":6,"102":5,"103":1,"104":1,"105":1,"106":1,"107":0,"108":1,"109":1},"f":{"0":3,"1":3,"2":11,"3":1,"4":4,"5":4,"6":18,"7":1,"8":8,"9":4,"10":5,"11":1,"12":2,"13":4,"14":4,"15":6,"16":7,"17":2,"18":3,"19":18,"20":15,"21":5,"22":4,"23":10,"24":4,"25":2,"26":3,"27":1,"28":1,"29":1,"30":4,"31":2,"32":5,"33":6,"34":1,"35":1},"b":{"0":[18,5],"1":[0,1],"2":[4,4],"3":[8,7],"4":[2,0],"5":[3,0],"6":[5,10],"7":[10,0],"8":[15,0],"9":[3,1],"10":[1,2],"11":[2,2],"12":[2,8],"13":[0,4],"14":[0,2],"15":[0,1],"16":[1,1],"17":[1,0],"18":[1,1],"19":[4,4],"20":[2,2],"21":[0,1]},"_coverageSchema":"1a1c01bbd47fc00a2c39e90264f33305004495a9","hash":"bf32b67afac3abfcbe64d71454ef371218446c4d"}
}
