TN:
SF:mvvm.js
FN:2,(anonymous_0)
FN:8,(anonymous_1)
FN:11,(anonymous_2)
FN:14,(anonymous_3)
FN:25,(anonymous_4)
FN:27,(anonymous_5)
FN:33,(anonymous_6)
FN:38,(anonymous_7)
FN:51,observe
FN:59,(anonymous_9)
FN:62,(anonymous_10)
FN:65,(anonymous_11)
FN:66,(anonymous_12)
FN:74,(anonymous_13)
FN:80,(anonymous_14)
FN:88,(anonymous_15)
FN:91,(anonymous_16)
FN:97,(anonymous_17)
FN:109,(anonymous_18)
FN:126,(anonymous_19)
FN:128,(anonymous_20)
FN:142,(anonymous_21)
FN:144,(anonymous_22)
FN:160,(anonymous_23)
FN:172,(anonymous_24)
FN:175,(anonymous_25)
FN:183,(anonymous_26)
FN:187,(anonymous_27)
FN:191,(anonymous_28)
FN:202,(anonymous_29)
FN:210,(anonymous_30)
FN:214,(anonymous_31)
FN:219,(anonymous_32)
FN:222,(anonymous_33)
FN:228,(anonymous_34)
FN:231,(anonymous_35)
FNF:36
FNH:36
FNDA:3,(anonymous_0)
FNDA:3,(anonymous_1)
FNDA:11,(anonymous_2)
FNDA:1,(anonymous_3)
FNDA:4,(anonymous_4)
FNDA:4,(anonymous_5)
FNDA:18,(anonymous_6)
FNDA:1,(anonymous_7)
FNDA:8,observe
FNDA:4,(anonymous_9)
FNDA:5,(anonymous_10)
FNDA:1,(anonymous_11)
FNDA:2,(anonymous_12)
FNDA:4,(anonymous_13)
FNDA:4,(anonymous_14)
FNDA:6,(anonymous_15)
FNDA:7,(anonymous_16)
FNDA:2,(anonymous_17)
FNDA:3,(anonymous_18)
FNDA:18,(anonymous_19)
FNDA:15,(anonymous_20)
FNDA:5,(anonymous_21)
FNDA:4,(anonymous_22)
FNDA:10,(anonymous_23)
FNDA:4,(anonymous_24)
FNDA:2,(anonymous_25)
FNDA:3,(anonymous_26)
FNDA:1,(anonymous_27)
FNDA:1,(anonymous_28)
FNDA:1,(anonymous_29)
FNDA:4,(anonymous_30)
FNDA:2,(anonymous_31)
FNDA:5,(anonymous_32)
FNDA:6,(anonymous_33)
FNDA:1,(anonymous_34)
FNDA:1,(anonymous_35)
DA:3,3
DA:4,3
DA:6,3
DA:8,3
DA:9,3
DA:12,11
DA:15,1
DA:19,3
DA:26,4
DA:27,4
DA:28,4
DA:29,4
DA:30,4
DA:31,4
DA:35,18
DA:36,18
DA:39,1
DA:40,1
DA:42,1
DA:44,1
DA:52,8
DA:53,4
DA:55,4
DA:60,4
DA:63,5
DA:66,1
DA:67,2
DA:75,4
DA:76,4
DA:77,4
DA:78,4
DA:82,4
DA:83,4
DA:84,4
DA:85,4
DA:89,6
DA:90,6
DA:91,6
DA:92,7
DA:94,6
DA:98,2
DA:99,2
DA:100,2
DA:101,2
DA:102,2
DA:110,3
DA:111,3
DA:112,3
DA:114,3
DA:116,3
DA:117,11
DA:119,3
DA:121,3
DA:122,3
DA:127,18
DA:128,18
DA:130,15
DA:131,5
DA:132,10
DA:133,10
DA:136,15
DA:137,15
DA:143,5
DA:144,5
DA:145,4
DA:147,4
DA:148,3
DA:149,3
DA:151,3
DA:152,1
DA:154,2
DA:161,10
DA:162,10
DA:163,10
DA:164,2
DA:171,1
DA:173,4
DA:176,2
DA:181,1
DA:184,3
DA:188,1
DA:189,1
DA:190,1
DA:191,1
DA:192,1
DA:193,1
DA:194,0
DA:197,1
DA:198,1
DA:203,1
DA:204,1
DA:205,1
DA:206,1
DA:211,4
DA:212,4
DA:214,4
DA:215,2
DA:220,5
DA:221,5
DA:222,5
DA:223,6
DA:225,5
DA:229,1
DA:230,1
DA:231,1
DA:232,1
DA:233,0
DA:235,1
DA:240,1
LF:109
LH:107
BRDA:35,0,0,18
BRDA:35,0,1,5
BRDA:39,1,0,0
BRDA:39,1,1,1
BRDA:52,2,0,4
BRDA:52,2,1,4
BRDA:52,3,0,8
BRDA:52,3,1,7
BRDA:100,4,0,2
BRDA:100,4,1,0
BRDA:112,5,0,3
BRDA:112,5,1,0
BRDA:130,6,0,5
BRDA:130,6,1,10
BRDA:132,7,0,10
BRDA:132,7,1,0
BRDA:136,8,0,15
BRDA:136,8,1,0
BRDA:147,9,0,3
BRDA:147,9,1,1
BRDA:151,10,0,1
BRDA:151,10,1,2
BRDA:154,11,0,2
BRDA:154,11,1,2
BRDA:163,12,0,2
BRDA:163,12,1,8
BRDA:173,13,0,0
BRDA:173,13,1,4
BRDA:176,14,0,0
BRDA:176,14,1,2
BRDA:193,15,0,0
BRDA:193,15,1,1
BRDA:204,16,0,1
BRDA:204,16,1,1
BRDA:205,17,0,1
BRDA:205,17,1,0
BRDA:205,18,0,1
BRDA:205,18,1,1
BRDA:212,19,0,4
BRDA:212,19,1,4
BRDA:215,20,0,2
BRDA:215,20,1,2
BRDA:232,21,0,0
BRDA:232,21,1,1
BRF:44
BRH:34
end_of_record
